<?xml version="1.0" encoding="UTF-8"?>
<testsuite xmlns:xsi="http://www.w3.org/2001/XMLSchema-instance" xsi:noNamespaceSchemaLocation="https://maven.apache.org/surefire/maven-surefire-plugin/xsd/surefire-test-report-3.0.xsd" version="3.0" name="OrdemTest" time="0.0" tests="2" errors="0" skipped="0" failures="0">
  <properties>
    <property name="java.specification.version" value="18"/>
    <property name="sun.cpu.isalist" value="amd64"/>
    <property name="sun.jnu.encoding" value="Cp1252"/>
    <property name="java.class.path" value="C:\Users\Jader\Desktop\teste\Nova pasta\TestesUnitarios\target\test-classes;C:\Users\Jader\Desktop\teste\Nova pasta\TestesUnitarios\target\classes;C:\Users\Jader\.m2\repository\junit\junit\4.12\junit-4.12.jar;C:\Users\Jader\.m2\repository\org\hamcrest\hamcrest-core\1.3\hamcrest-core-1.3.jar;C:\Users\Jader\.m2\repository\org\mockito\mockito-core\5.10.0\mockito-core-5.10.0.jar;C:\Users\Jader\.m2\repository\net\bytebuddy\byte-buddy\1.14.11\byte-buddy-1.14.11.jar;C:\Users\Jader\.m2\repository\net\bytebuddy\byte-buddy-agent\1.14.11\byte-buddy-agent-1.14.11.jar;C:\Users\Jader\.m2\repository\org\objenesis\objenesis\3.3\objenesis-3.3.jar;C:\Users\Jader\.m2\repository\org\powermock\powermock-api-mockito\1.6.6\powermock-api-mockito-1.6.6.jar;C:\Users\Jader\.m2\repository\org\powermock\powermock-api-mockito-common\1.6.6\powermock-api-mockito-common-1.6.6.jar;C:\Users\Jader\.m2\repository\org\powermock\powermock-api-support\1.6.6\powermock-api-support-1.6.6.jar;C:\Users\Jader\.m2\repository\org\powermock\powermock-module-junit4\1.6.6\powermock-module-junit4-1.6.6.jar;C:\Users\Jader\.m2\repository\org\powermock\powermock-module-junit4-common\1.6.6\powermock-module-junit4-common-1.6.6.jar;C:\Users\Jader\.m2\repository\org\powermock\powermock-core\1.6.6\powermock-core-1.6.6.jar;C:\Users\Jader\.m2\repository\org\javassist\javassist\3.21.0-GA\javassist-3.21.0-GA.jar;C:\Users\Jader\.m2\repository\org\powermock\powermock-reflect\1.6.6\powermock-reflect-1.6.6.jar;"/>
    <property name="java.vm.vendor" value="Oracle Corporation"/>
    <property name="sun.arch.data.model" value="64"/>
    <property name="user.variant" value=""/>
    <property name="java.vendor.url" value="https://java.oracle.com/"/>
    <property name="user.timezone" value="America/Sao_Paulo"/>
    <property name="os.name" value="Windows 10"/>
    <property name="java.vm.specification.version" value="18"/>
    <property name="sun.java.launcher" value="SUN_STANDARD"/>
    <property name="user.country" value="BR"/>
    <property name="sun.boot.library.path" value="C:\Program Files\Java\jdk-18.0.2.1\bin"/>
    <property name="sun.java.command" value="C:\Users\Jader\AppData\Local\Temp\surefire13162316362385668451\surefirebooter-20240226110327292_3.jar C:\Users\Jader\AppData\Local\Temp\surefire13162316362385668451 2024-02-26T11-03-27_032-jvmRun1 surefire-20240226110327292_1tmp surefire_0-20240226110327292_2tmp"/>
    <property name="jdk.debug" value="release"/>
    <property name="surefire.test.class.path" value="C:\Users\Jader\Desktop\teste\Nova pasta\TestesUnitarios\target\test-classes;C:\Users\Jader\Desktop\teste\Nova pasta\TestesUnitarios\target\classes;C:\Users\Jader\.m2\repository\junit\junit\4.12\junit-4.12.jar;C:\Users\Jader\.m2\repository\org\hamcrest\hamcrest-core\1.3\hamcrest-core-1.3.jar;C:\Users\Jader\.m2\repository\org\mockito\mockito-core\5.10.0\mockito-core-5.10.0.jar;C:\Users\Jader\.m2\repository\net\bytebuddy\byte-buddy\1.14.11\byte-buddy-1.14.11.jar;C:\Users\Jader\.m2\repository\net\bytebuddy\byte-buddy-agent\1.14.11\byte-buddy-agent-1.14.11.jar;C:\Users\Jader\.m2\repository\org\objenesis\objenesis\3.3\objenesis-3.3.jar;C:\Users\Jader\.m2\repository\org\powermock\powermock-api-mockito\1.6.6\powermock-api-mockito-1.6.6.jar;C:\Users\Jader\.m2\repository\org\powermock\powermock-api-mockito-common\1.6.6\powermock-api-mockito-common-1.6.6.jar;C:\Users\Jader\.m2\repository\org\powermock\powermock-api-support\1.6.6\powermock-api-support-1.6.6.jar;C:\Users\Jader\.m2\repository\org\powermock\powermock-module-junit4\1.6.6\powermock-module-junit4-1.6.6.jar;C:\Users\Jader\.m2\repository\org\powermock\powermock-module-junit4-common\1.6.6\powermock-module-junit4-common-1.6.6.jar;C:\Users\Jader\.m2\repository\org\powermock\powermock-core\1.6.6\powermock-core-1.6.6.jar;C:\Users\Jader\.m2\repository\org\javassist\javassist\3.21.0-GA\javassist-3.21.0-GA.jar;C:\Users\Jader\.m2\repository\org\powermock\powermock-reflect\1.6.6\powermock-reflect-1.6.6.jar;"/>
    <property name="sun.cpu.endian" value="little"/>
    <property name="user.home" value="C:\Users\Jader"/>
    <property name="user.language" value="pt"/>
    <property name="java.specification.vendor" value="Oracle Corporation"/>
    <property name="java.version.date" value="2022-08-18"/>
    <property name="java.home" value="C:\Program Files\Java\jdk-18.0.2.1"/>
    <property name="file.separator" value="\"/>
    <property name="basedir" value="C:\Users\Jader\Desktop\teste\Nova pasta\TestesUnitarios"/>
    <property name="java.vm.compressedOopsMode" value="Zero based"/>
    <property name="line.separator" value="&#10;"/>
    <property name="java.vm.specification.vendor" value="Oracle Corporation"/>
    <property name="java.specification.name" value="Java Platform API Specification"/>
    <property name="surefire.real.class.path" value="C:\Users\Jader\AppData\Local\Temp\surefire13162316362385668451\surefirebooter-20240226110327292_3.jar"/>
    <property name="user.script" value=""/>
    <property name="sun.management.compiler" value="HotSpot 64-Bit Tiered Compilers"/>
    <property name="java.runtime.version" value="18.0.2.1+1-1"/>
    <property name="user.name" value="Jader"/>
    <property name="path.separator" value=";"/>
    <property name="os.version" value="10.0"/>
    <property name="java.runtime.name" value="Java(TM) SE Runtime Environment"/>
    <property name="file.encoding" value="UTF-8"/>
    <property name="java.vm.name" value="Java HotSpot(TM) 64-Bit Server VM"/>
    <property name="localRepository" value="C:\Users\Jader\.m2\repository"/>
    <property name="java.vendor.url.bug" value="https://bugreport.java.com/bugreport/"/>
    <property name="java.io.tmpdir" value="C:\Users\Jader\AppData\Local\Temp\"/>
    <property name="java.version" value="18.0.2.1"/>
    <property name="user.dir" value="C:\Users\Jader\Desktop\teste\Nova pasta\TestesUnitarios"/>
    <property name="os.arch" value="amd64"/>
    <property name="java.vm.specification.name" value="Java Virtual Machine Specification"/>
    <property name="sun.os.patch.level" value=""/>
    <property name="native.encoding" value="Cp1252"/>
    <property name="java.library.path" value="C:\Program Files\Java\jdk-18.0.2.1\bin;C:\Windows\Sun\Java\bin;C:\Windows\system32;C:\Windows;C:\Python312\Scripts\;C:\Python312\;C:\Program Files\Common Files\Oracle\Java\javapath;C:\Program Files (x86)\Common Files\Oracle\Java\javapath;C:\ProgramData\Oracle\Java\javapath;C:\Windows\system32;C:\Windows;C:\Windows\System32\Wbem;C:\Windows\System32\WindowsPowerShell\v1.0\;C:\Windows\System32\OpenSSH\;C:\Program Files\dotnet\;C:\Program Files\Git\cmd;C:\Program Files\Microsoft VS Code\bin;C:\Program Files\nodejs\;C:\ProgramData\chocolatey\bin;C:\Users\Jader\AppData\Local\Microsoft\WindowsApps;&quot;C:\Program Files\Java\jdk-18.0.2.1\bin;&quot;;C:\msys64\mingw64\bin;C:\Program Files\JetBrains\IntelliJ IDEA Community Edition 2023.2.5\bin;;C:\Users\Jader\AppData\Roaming\npm;C:\Dev-Cpp\bin;C:\msys64\mingw64\bin;C:\Nova pasta\apache-maven-3.9.6\bin;;."/>
    <property name="java.vm.info" value="mixed mode, sharing"/>
    <property name="java.vendor" value="Oracle Corporation"/>
    <property name="java.vm.version" value="18.0.2.1+1-1"/>
    <property name="sun.io.unicode.encoding" value="UnicodeLittle"/>
    <property name="java.class.version" value="62.0"/>
  </properties>
  <testcase name="inicia" classname="OrdemTest" time="0.0"/>
  <testcase name="verifica" classname="OrdemTest" time="0.0"/>
</testsuite>